c:\users\dunja\source\repos\ppp8\asd\nepostojecakolicina\x64\debug\vc143.pdb
c:\users\dunja\source\repos\ppp8\asd\nepostojecakolicina\x64\debug\vc143.idb
c:\users\dunja\source\repos\ppp8\asd\nepostojecakolicina\x64\debug\use_cases.obj
c:\users\dunja\source\repos\ppp8\asd\nepostojecakolicina\x64\debug\misc.obj
c:\users\dunja\source\repos\ppp8\asd\nepostojecakolicina\x64\debug\main.obj
c:\users\dunja\source\repos\ppp8\asd\nepostojecakolicina\x64\debug\help_utils.obj
c:\users\dunja\source\repos\ppp8\asd\nepostojecakolicina\x64\debug\files_utils.obj
c:\users\dunja\source\repos\ppp8\asd\nepostojecakolicina\x64\debug\adts.obj
c:\users\dunja\source\repos\ppp8\asd\x64\debug\nepostojecakolicina.pdb
c:\users\dunja\source\repos\ppp8\asd\nepostojecakolicina\x64\debug\nepostoj.94e1cb91.tlog\cl.command.1.tlog
c:\users\dunja\source\repos\ppp8\asd\nepostojecakolicina\x64\debug\nepostoj.94e1cb91.tlog\cl.read.1.tlog
c:\users\dunja\source\repos\ppp8\asd\nepostojecakolicina\x64\debug\nepostoj.94e1cb91.tlog\cl.write.1.tlog
c:\users\dunja\source\repos\ppp8\asd\nepostojecakolicina\x64\debug\nepostoj.94e1cb91.tlog\link-cvtres.read.1.tlog
c:\users\dunja\source\repos\ppp8\asd\nepostojecakolicina\x64\debug\nepostoj.94e1cb91.tlog\link-cvtres.write.1.tlog
c:\users\dunja\source\repos\ppp8\asd\nepostojecakolicina\x64\debug\nepostoj.94e1cb91.tlog\link-rc.read.1.tlog
c:\users\dunja\source\repos\ppp8\asd\nepostojecakolicina\x64\debug\nepostoj.94e1cb91.tlog\link-rc.write.1.tlog
c:\users\dunja\source\repos\ppp8\asd\nepostojecakolicina\x64\debug\nepostoj.94e1cb91.tlog\link.command.1.tlog
c:\users\dunja\source\repos\ppp8\asd\nepostojecakolicina\x64\debug\nepostoj.94e1cb91.tlog\link.read.1.tlog
c:\users\dunja\source\repos\ppp8\asd\nepostojecakolicina\x64\debug\nepostoj.94e1cb91.tlog\link.read.2.tlog
c:\users\dunja\source\repos\ppp8\asd\nepostojecakolicina\x64\debug\nepostoj.94e1cb91.tlog\link.write.1.tlog
